{"/Users/Easydeco/Desktop/Tatiane/FIAP/APIs_Nodejs/API-nodejs/server.js": {"path":"/Users/Easydeco/Desktop/Tatiane/FIAP/APIs_Nodejs/API-nodejs/server.js","statementMap":{"0":{"start":{"line":2,"column":16},"end":{"line":2,"column":34}},"1":{"start":{"line":3,"column":15},"end":{"line":3,"column":34}},"2":{"start":{"line":4,"column":19},"end":{"line":4,"column":41}},"3":{"start":{"line":7,"column":12},"end":{"line":7,"column":21}},"4":{"start":{"line":10,"column":0},"end":{"line":10,"column":27}},"5":{"start":{"line":12,"column":0},"end":{"line":12,"column":16}},"6":{"start":{"line":14,"column":0},"end":{"line":14,"column":21}}},"fnMap":{},"branchMap":{},"s":{"0":1,"1":1,"2":1,"3":1,"4":1,"5":1,"6":1},"f":{},"b":{},"_coverageSchema":"1a1c01bbd47fc00a2c39e90264f33305004495a9","hash":"6ba958e5d87a81f7818ebbe46cec547f34ada8b8"}
,"/Users/Easydeco/Desktop/Tatiane/FIAP/APIs_Nodejs/API-nodejs/config/default.js": {"path":"/Users/Easydeco/Desktop/Tatiane/FIAP/APIs_Nodejs/API-nodejs/config/default.js","statementMap":{"0":{"start":{"line":1,"column":0},"end":{"line":3,"column":1}}},"fnMap":{},"branchMap":{},"s":{"0":3},"f":{},"b":{},"_coverageSchema":"1a1c01bbd47fc00a2c39e90264f33305004495a9","hash":"2fbaf76ed64b8436d985a3ff22759738da7af7eb"}
,"/Users/Easydeco/Desktop/Tatiane/FIAP/APIs_Nodejs/API-nodejs/config/firebase.js": {"path":"/Users/Easydeco/Desktop/Tatiane/FIAP/APIs_Nodejs/API-nodejs/config/firebase.js","statementMap":{"0":{"start":{"line":1,"column":23},"end":{"line":9,"column":1}},"1":{"start":{"line":11,"column":0},"end":{"line":11,"column":32}}},"fnMap":{},"branchMap":{},"s":{"0":1,"1":1},"f":{},"b":{},"_coverageSchema":"1a1c01bbd47fc00a2c39e90264f33305004495a9","hash":"2353e90b51123d42e954029c67a01b93697e19fc"}
,"/Users/Easydeco/Desktop/Tatiane/FIAP/APIs_Nodejs/API-nodejs/controller/Auth.js": {"path":"/Users/Easydeco/Desktop/Tatiane/FIAP/APIs_Nodejs/API-nodejs/controller/Auth.js","statementMap":{"0":{"start":{"line":1,"column":19},"end":{"line":1,"column":44}},"1":{"start":{"line":2,"column":19},"end":{"line":2,"column":35}},"2":{"start":{"line":4,"column":20},"end":{"line":4,"column":51}},"3":{"start":{"line":5,"column":23},"end":{"line":5,"column":57}},"4":{"start":{"line":9,"column":36},"end":{"line":9,"column":44}},"5":{"start":{"line":11,"column":8},"end":{"line":18,"column":9}},"6":{"start":{"line":12,"column":12},"end":{"line":17,"column":19}},"7":{"start":{"line":20,"column":27},"end":{"line":23,"column":9}},"8":{"start":{"line":25,"column":8},"end":{"line":37,"column":57}},"9":{"start":{"line":27,"column":16},"end":{"line":34,"column":17}},"10":{"start":{"line":28,"column":20},"end":{"line":33,"column":27}},"11":{"start":{"line":35,"column":16},"end":{"line":35,"column":75}},"12":{"start":{"line":37,"column":28},"end":{"line":37,"column":55}},"13":{"start":{"line":41,"column":0},"end":{"line":41,"column":22}}},"fnMap":{"0":{"name":"(anonymous_0)","decl":{"start":{"line":8,"column":4},"end":{"line":8,"column":5}},"loc":{"start":{"line":8,"column":23},"end":{"line":38,"column":5}},"line":8},"1":{"name":"(anonymous_1)","decl":{"start":{"line":26,"column":18},"end":{"line":26,"column":19}},"loc":{"start":{"line":26,"column":27},"end":{"line":36,"column":13}},"line":26},"2":{"name":"(anonymous_2)","decl":{"start":{"line":37,"column":19},"end":{"line":37,"column":20}},"loc":{"start":{"line":37,"column":28},"end":{"line":37,"column":55}},"line":37}},"branchMap":{"0":{"loc":{"start":{"line":11,"column":8},"end":{"line":18,"column":9}},"type":"if","locations":[{"start":{"line":11,"column":8},"end":{"line":18,"column":9}},{"start":{"line":11,"column":8},"end":{"line":18,"column":9}}],"line":11},"1":{"loc":{"start":{"line":11,"column":12},"end":{"line":11,"column":31}},"type":"binary-expr","locations":[{"start":{"line":11,"column":12},"end":{"line":11,"column":18}},{"start":{"line":11,"column":22},"end":{"line":11,"column":31}}],"line":11},"2":{"loc":{"start":{"line":27,"column":16},"end":{"line":34,"column":17}},"type":"if","locations":[{"start":{"line":27,"column":16},"end":{"line":34,"column":17}},{"start":{"line":27,"column":16},"end":{"line":34,"column":17}}],"line":27}},"s":{"0":1,"1":1,"2":1,"3":1,"4":3,"5":3,"6":1,"7":2,"8":2,"9":2,"10":1,"11":1,"12":0,"13":1},"f":{"0":3,"1":2,"2":0},"b":{"0":[1,2],"1":[3,2],"2":[1,1]},"_coverageSchema":"1a1c01bbd47fc00a2c39e90264f33305004495a9","hash":"45d01802bcaf0e66bad3b8bcb8195c22479a1730"}
,"/Users/Easydeco/Desktop/Tatiane/FIAP/APIs_Nodejs/API-nodejs/controller/Users.js": {"path":"/Users/Easydeco/Desktop/Tatiane/FIAP/APIs_Nodejs/API-nodejs/controller/Users.js","statementMap":{"0":{"start":{"line":1,"column":19},"end":{"line":1,"column":44}},"1":{"start":{"line":2,"column":19},"end":{"line":2,"column":35}},"2":{"start":{"line":4,"column":23},"end":{"line":4,"column":57}},"3":{"start":{"line":8,"column":21},"end":{"line":8,"column":31}},"4":{"start":{"line":10,"column":8},"end":{"line":19,"column":15}},"5":{"start":{"line":12,"column":16},"end":{"line":14,"column":17}},"6":{"start":{"line":13,"column":20},"end":{"line":13,"column":70}},"7":{"start":{"line":15,"column":16},"end":{"line":15,"column":38}},"8":{"start":{"line":18,"column":16},"end":{"line":18,"column":44}},"9":{"start":{"line":23,"column":21},"end":{"line":26,"column":9}},"10":{"start":{"line":27,"column":8},"end":{"line":36,"column":57}},"11":{"start":{"line":29,"column":16},"end":{"line":29,"column":37}},"12":{"start":{"line":31,"column":16},"end":{"line":34,"column":19}},"13":{"start":{"line":36,"column":28},"end":{"line":36,"column":55}},"14":{"start":{"line":40,"column":21},"end":{"line":40,"column":31}},"15":{"start":{"line":42,"column":8},"end":{"line":44,"column":57}},"16":{"start":{"line":44,"column":28},"end":{"line":44,"column":55}},"17":{"start":{"line":48,"column":0},"end":{"line":48,"column":23}}},"fnMap":{"0":{"name":"(anonymous_0)","decl":{"start":{"line":7,"column":4},"end":{"line":7,"column":5}},"loc":{"start":{"line":7,"column":19},"end":{"line":20,"column":5}},"line":7},"1":{"name":"(anonymous_1)","decl":{"start":{"line":11,"column":18},"end":{"line":11,"column":19}},"loc":{"start":{"line":11,"column":28},"end":{"line":16,"column":13}},"line":11},"2":{"name":"(anonymous_2)","decl":{"start":{"line":17,"column":19},"end":{"line":17,"column":20}},"loc":{"start":{"line":17,"column":30},"end":{"line":19,"column":13}},"line":17},"3":{"name":"(anonymous_3)","decl":{"start":{"line":22,"column":4},"end":{"line":22,"column":5}},"loc":{"start":{"line":22,"column":22},"end":{"line":37,"column":5}},"line":22},"4":{"name":"(anonymous_4)","decl":{"start":{"line":28,"column":18},"end":{"line":28,"column":19}},"loc":{"start":{"line":28,"column":28},"end":{"line":35,"column":13}},"line":28},"5":{"name":"(anonymous_5)","decl":{"start":{"line":36,"column":19},"end":{"line":36,"column":20}},"loc":{"start":{"line":36,"column":28},"end":{"line":36,"column":55}},"line":36},"6":{"name":"(anonymous_6)","decl":{"start":{"line":39,"column":4},"end":{"line":39,"column":5}},"loc":{"start":{"line":39,"column":22},"end":{"line":45,"column":5}},"line":39},"7":{"name":"(anonymous_7)","decl":{"start":{"line":44,"column":19},"end":{"line":44,"column":20}},"loc":{"start":{"line":44,"column":28},"end":{"line":44,"column":55}},"line":44}},"branchMap":{"0":{"loc":{"start":{"line":12,"column":16},"end":{"line":14,"column":17}},"type":"if","locations":[{"start":{"line":12,"column":16},"end":{"line":14,"column":17}},{"start":{"line":12,"column":16},"end":{"line":14,"column":17}}],"line":12}},"s":{"0":1,"1":1,"2":1,"3":0,"4":0,"5":0,"6":0,"7":0,"8":0,"9":0,"10":0,"11":0,"12":0,"13":0,"14":0,"15":0,"16":0,"17":1},"f":{"0":0,"1":0,"2":0,"3":0,"4":0,"5":0,"6":0,"7":0},"b":{"0":[0,0]},"_coverageSchema":"1a1c01bbd47fc00a2c39e90264f33305004495a9","hash":"146961c6e14db661c1f9719289887f88852e0c2e"}
,"/Users/Easydeco/Desktop/Tatiane/FIAP/APIs_Nodejs/API-nodejs/middlewares/verifyToken.js": {"path":"/Users/Easydeco/Desktop/Tatiane/FIAP/APIs_Nodejs/API-nodejs/middlewares/verifyToken.js","statementMap":{"0":{"start":{"line":1,"column":12},"end":{"line":1,"column":35}},"1":{"start":{"line":2,"column":19},"end":{"line":2,"column":47}},"2":{"start":{"line":4,"column":20},"end":{"line":22,"column":1}},"3":{"start":{"line":5,"column":18},"end":{"line":5,"column":47}},"4":{"start":{"line":7,"column":4},"end":{"line":12,"column":5}},"5":{"start":{"line":8,"column":8},"end":{"line":11,"column":11}},"6":{"start":{"line":14,"column":4},"end":{"line":21,"column":7}},"7":{"start":{"line":15,"column":8},"end":{"line":17,"column":9}},"8":{"start":{"line":16,"column":12},"end":{"line":16,"column":49}},"9":{"start":{"line":18,"column":8},"end":{"line":18,"column":47}},"10":{"start":{"line":20,"column":8},"end":{"line":20,"column":15}},"11":{"start":{"line":24,"column":0},"end":{"line":24,"column":29}}},"fnMap":{"0":{"name":"(anonymous_0)","decl":{"start":{"line":4,"column":20},"end":{"line":4,"column":21}},"loc":{"start":{"line":4,"column":40},"end":{"line":22,"column":1}},"line":4},"1":{"name":"(anonymous_1)","decl":{"start":{"line":14,"column":30},"end":{"line":14,"column":31}},"loc":{"start":{"line":14,"column":49},"end":{"line":21,"column":5}},"line":14}},"branchMap":{"0":{"loc":{"start":{"line":7,"column":4},"end":{"line":12,"column":5}},"type":"if","locations":[{"start":{"line":7,"column":4},"end":{"line":12,"column":5}},{"start":{"line":7,"column":4},"end":{"line":12,"column":5}}],"line":7},"1":{"loc":{"start":{"line":15,"column":8},"end":{"line":17,"column":9}},"type":"if","locations":[{"start":{"line":15,"column":8},"end":{"line":17,"column":9}},{"start":{"line":15,"column":8},"end":{"line":17,"column":9}}],"line":15}},"s":{"0":1,"1":1,"2":1,"3":0,"4":0,"5":0,"6":0,"7":0,"8":0,"9":0,"10":0,"11":1},"f":{"0":0,"1":0},"b":{"0":[0,0],"1":[0,0]},"_coverageSchema":"1a1c01bbd47fc00a2c39e90264f33305004495a9","hash":"1c4bd91df57d241ee4cc8f11cd1442999cc4b5ff"}
,"/Users/Easydeco/Desktop/Tatiane/FIAP/APIs_Nodejs/API-nodejs/model/BaseModel.js": {"path":"/Users/Easydeco/Desktop/Tatiane/FIAP/APIs_Nodejs/API-nodejs/model/BaseModel.js","statementMap":{"0":{"start":{"line":2,"column":17},"end":{"line":2,"column":36}},"1":{"start":{"line":3,"column":23},"end":{"line":3,"column":52}},"2":{"start":{"line":5,"column":20},"end":{"line":5,"column":58}},"3":{"start":{"line":9,"column":8},"end":{"line":9,"column":42}},"4":{"start":{"line":13,"column":0},"end":{"line":13,"column":27}}},"fnMap":{"0":{"name":"(anonymous_0)","decl":{"start":{"line":8,"column":4},"end":{"line":8,"column":5}},"loc":{"start":{"line":8,"column":18},"end":{"line":10,"column":5}},"line":8}},"branchMap":{},"s":{"0":1,"1":1,"2":1,"3":2,"4":1},"f":{"0":2},"b":{},"_coverageSchema":"1a1c01bbd47fc00a2c39e90264f33305004495a9","hash":"c40fc404bacba4d79b94fd5ae77c9997b8c05709"}
,"/Users/Easydeco/Desktop/Tatiane/FIAP/APIs_Nodejs/API-nodejs/model/Users.js": {"path":"/Users/Easydeco/Desktop/Tatiane/FIAP/APIs_Nodejs/API-nodejs/model/Users.js","statementMap":{"0":{"start":{"line":1,"column":18},"end":{"line":1,"column":40}},"1":{"start":{"line":5,"column":8},"end":{"line":5,"column":16}},"2":{"start":{"line":9,"column":8},"end":{"line":12,"column":19}},"3":{"start":{"line":16,"column":17},"end":{"line":16,"column":44}},"4":{"start":{"line":18,"column":8},"end":{"line":20,"column":10}},"5":{"start":{"line":19,"column":12},"end":{"line":19,"column":49}},"6":{"start":{"line":22,"column":8},"end":{"line":22,"column":24}},"7":{"start":{"line":26,"column":8},"end":{"line":26,"column":53}},"8":{"start":{"line":30,"column":8},"end":{"line":33,"column":22}},"9":{"start":{"line":37,"column":0},"end":{"line":37,"column":23}}},"fnMap":{"0":{"name":"(anonymous_0)","decl":{"start":{"line":4,"column":4},"end":{"line":4,"column":5}},"loc":{"start":{"line":4,"column":18},"end":{"line":6,"column":5}},"line":4},"1":{"name":"(anonymous_1)","decl":{"start":{"line":8,"column":4},"end":{"line":8,"column":5}},"loc":{"start":{"line":8,"column":12},"end":{"line":13,"column":5}},"line":8},"2":{"name":"(anonymous_2)","decl":{"start":{"line":15,"column":4},"end":{"line":15,"column":5}},"loc":{"start":{"line":15,"column":22},"end":{"line":23,"column":5}},"line":15},"3":{"name":"(anonymous_3)","decl":{"start":{"line":18,"column":27},"end":{"line":18,"column":28}},"loc":{"start":{"line":19,"column":12},"end":{"line":19,"column":49}},"line":19},"4":{"name":"(anonymous_4)","decl":{"start":{"line":25,"column":4},"end":{"line":25,"column":5}},"loc":{"start":{"line":25,"column":17},"end":{"line":27,"column":5}},"line":25},"5":{"name":"(anonymous_5)","decl":{"start":{"line":29,"column":4},"end":{"line":29,"column":5}},"loc":{"start":{"line":29,"column":15},"end":{"line":34,"column":5}},"line":29}},"branchMap":{},"s":{"0":1,"1":2,"2":0,"3":2,"4":2,"5":4,"6":2,"7":0,"8":0,"9":1},"f":{"0":2,"1":0,"2":2,"3":4,"4":0,"5":0},"b":{},"_coverageSchema":"1a1c01bbd47fc00a2c39e90264f33305004495a9","hash":"ec59a3340e337c2a16ce6b0b5342b3203d071e6f"}
,"/Users/Easydeco/Desktop/Tatiane/FIAP/APIs_Nodejs/API-nodejs/routes/auth.js": {"path":"/Users/Easydeco/Desktop/Tatiane/FIAP/APIs_Nodejs/API-nodejs/routes/auth.js","statementMap":{"0":{"start":{"line":1,"column":16},"end":{"line":1,"column":34}},"1":{"start":{"line":4,"column":15},"end":{"line":4,"column":31}},"2":{"start":{"line":7,"column":13},"end":{"line":7,"column":42}},"3":{"start":{"line":8,"column":23},"end":{"line":8,"column":33}},"4":{"start":{"line":10,"column":0},"end":{"line":10,"column":42}},"5":{"start":{"line":12,"column":0},"end":{"line":12,"column":24}}},"fnMap":{},"branchMap":{},"s":{"0":1,"1":1,"2":1,"3":1,"4":1,"5":1},"f":{},"b":{},"_coverageSchema":"1a1c01bbd47fc00a2c39e90264f33305004495a9","hash":"52c71f1611b067901727dc229074f2a2409dd04a"}
,"/Users/Easydeco/Desktop/Tatiane/FIAP/APIs_Nodejs/API-nodejs/routes/index.js": {"path":"/Users/Easydeco/Desktop/Tatiane/FIAP/APIs_Nodejs/API-nodejs/routes/index.js","statementMap":{"0":{"start":{"line":1,"column":16},"end":{"line":1,"column":34}},"1":{"start":{"line":4,"column":15},"end":{"line":4,"column":31}},"2":{"start":{"line":7,"column":14},"end":{"line":7,"column":32}},"3":{"start":{"line":8,"column":13},"end":{"line":8,"column":30}},"4":{"start":{"line":11,"column":0},"end":{"line":11,"column":28}},"5":{"start":{"line":12,"column":0},"end":{"line":12,"column":26}},"6":{"start":{"line":14,"column":0},"end":{"line":14,"column":24}}},"fnMap":{},"branchMap":{},"s":{"0":1,"1":1,"2":1,"3":1,"4":1,"5":1,"6":1},"f":{},"b":{},"_coverageSchema":"1a1c01bbd47fc00a2c39e90264f33305004495a9","hash":"012f6f7bab048c75e3e57243eca44db342ad2bd1"}
,"/Users/Easydeco/Desktop/Tatiane/FIAP/APIs_Nodejs/API-nodejs/routes/users.js": {"path":"/Users/Easydeco/Desktop/Tatiane/FIAP/APIs_Nodejs/API-nodejs/routes/users.js","statementMap":{"0":{"start":{"line":1,"column":16},"end":{"line":1,"column":34}},"1":{"start":{"line":4,"column":15},"end":{"line":4,"column":31}},"2":{"start":{"line":7,"column":20},"end":{"line":7,"column":57}},"3":{"start":{"line":10,"column":14},"end":{"line":10,"column":44}},"4":{"start":{"line":11,"column":24},"end":{"line":11,"column":35}},"5":{"start":{"line":13,"column":0},"end":{"line":13,"column":55}},"6":{"start":{"line":14,"column":0},"end":{"line":14,"column":56}},"7":{"start":{"line":15,"column":0},"end":{"line":15,"column":61}},"8":{"start":{"line":17,"column":0},"end":{"line":17,"column":24}}},"fnMap":{},"branchMap":{},"s":{"0":1,"1":1,"2":1,"3":1,"4":1,"5":1,"6":1,"7":1,"8":1},"f":{},"b":{},"_coverageSchema":"1a1c01bbd47fc00a2c39e90264f33305004495a9","hash":"88c2f0e753f6360a43893a971f0276e7678c2cf2"}
,"/Users/Easydeco/Desktop/Tatiane/FIAP/APIs_Nodejs/API-nodejs/utils/createToken.js": {"path":"/Users/Easydeco/Desktop/Tatiane/FIAP/APIs_Nodejs/API-nodejs/utils/createToken.js","statementMap":{"0":{"start":{"line":1,"column":12},"end":{"line":1,"column":35}},"1":{"start":{"line":2,"column":19},"end":{"line":2,"column":47}},"2":{"start":{"line":4,"column":20},"end":{"line":6,"column":1}},"3":{"start":{"line":5,"column":4},"end":{"line":5,"column":50}},"4":{"start":{"line":8,"column":0},"end":{"line":8,"column":29}}},"fnMap":{"0":{"name":"(anonymous_0)","decl":{"start":{"line":4,"column":20},"end":{"line":4,"column":21}},"loc":{"start":{"line":4,"column":48},"end":{"line":6,"column":1}},"line":4}},"branchMap":{"0":{"loc":{"start":{"line":4,"column":27},"end":{"line":4,"column":43}},"type":"default-arg","locations":[{"start":{"line":4,"column":39},"end":{"line":4,"column":43}}],"line":4}},"s":{"0":1,"1":1,"2":1,"3":2,"4":1},"f":{"0":2},"b":{"0":[1]},"_coverageSchema":"1a1c01bbd47fc00a2c39e90264f33305004495a9","hash":"54b5cfbef7f1b49f84bea1cf3a945b3df79faefb"}
,"/Users/Easydeco/Desktop/Tatiane/FIAP/APIs_Nodejs/API-nodejs/utils/cryptoPassword.js": {"path":"/Users/Easydeco/Desktop/Tatiane/FIAP/APIs_Nodejs/API-nodejs/utils/cryptoPassword.js","statementMap":{"0":{"start":{"line":2,"column":15},"end":{"line":2,"column":32}},"1":{"start":{"line":3,"column":19},"end":{"line":3,"column":47}},"2":{"start":{"line":5,"column":23},"end":{"line":10,"column":1}},"3":{"start":{"line":6,"column":17},"end":{"line":6,"column":52}},"4":{"start":{"line":7,"column":4},"end":{"line":7,"column":26}},"5":{"start":{"line":9,"column":4},"end":{"line":9,"column":30}},"6":{"start":{"line":12,"column":0},"end":{"line":12,"column":32}}},"fnMap":{"0":{"name":"(anonymous_0)","decl":{"start":{"line":5,"column":23},"end":{"line":5,"column":24}},"loc":{"start":{"line":5,"column":37},"end":{"line":10,"column":1}},"line":5}},"branchMap":{},"s":{"0":2,"1":2,"2":2,"3":4,"4":4,"5":4,"6":2},"f":{"0":4},"b":{},"_coverageSchema":"1a1c01bbd47fc00a2c39e90264f33305004495a9","hash":"3c01c037a48f71909063ac44d576144e14ae4b08"}
}
