{"/Users/Easydeco/Desktop/Tatiane/FIAP/APIs_Nodejs/API-nodejs/server.js": {"path":"/Users/Easydeco/Desktop/Tatiane/FIAP/APIs_Nodejs/API-nodejs/server.js","statementMap":{"0":{"start":{"line":2,"column":16},"end":{"line":2,"column":34}},"1":{"start":{"line":3,"column":15},"end":{"line":3,"column":34}},"2":{"start":{"line":4,"column":19},"end":{"line":4,"column":41}},"3":{"start":{"line":7,"column":12},"end":{"line":7,"column":21}},"4":{"start":{"line":10,"column":0},"end":{"line":10,"column":27}},"5":{"start":{"line":12,"column":0},"end":{"line":12,"column":16}},"6":{"start":{"line":14,"column":0},"end":{"line":14,"column":21}}},"fnMap":{},"branchMap":{},"s":{"0":1,"1":1,"2":1,"3":1,"4":1,"5":1,"6":1},"f":{},"b":{},"_coverageSchema":"1a1c01bbd47fc00a2c39e90264f33305004495a9","hash":"6ba958e5d87a81f7818ebbe46cec547f34ada8b8"}
,"/Users/Easydeco/Desktop/Tatiane/FIAP/APIs_Nodejs/API-nodejs/config/default.js": {"path":"/Users/Easydeco/Desktop/Tatiane/FIAP/APIs_Nodejs/API-nodejs/config/default.js","statementMap":{"0":{"start":{"line":1,"column":0},"end":{"line":3,"column":1}}},"fnMap":{},"branchMap":{},"s":{"0":4},"f":{},"b":{},"_coverageSchema":"1a1c01bbd47fc00a2c39e90264f33305004495a9","hash":"2fbaf76ed64b8436d985a3ff22759738da7af7eb"}
,"/Users/Easydeco/Desktop/Tatiane/FIAP/APIs_Nodejs/API-nodejs/config/firebase.js": {"path":"/Users/Easydeco/Desktop/Tatiane/FIAP/APIs_Nodejs/API-nodejs/config/firebase.js","statementMap":{"0":{"start":{"line":1,"column":23},"end":{"line":9,"column":1}},"1":{"start":{"line":11,"column":0},"end":{"line":11,"column":32}}},"fnMap":{},"branchMap":{},"s":{"0":1,"1":1},"f":{},"b":{},"_coverageSchema":"1a1c01bbd47fc00a2c39e90264f33305004495a9","hash":"2353e90b51123d42e954029c67a01b93697e19fc"}
,"/Users/Easydeco/Desktop/Tatiane/FIAP/APIs_Nodejs/API-nodejs/controller/Auth.js": {"path":"/Users/Easydeco/Desktop/Tatiane/FIAP/APIs_Nodejs/API-nodejs/controller/Auth.js","statementMap":{"0":{"start":{"line":1,"column":19},"end":{"line":1,"column":44}},"1":{"start":{"line":2,"column":19},"end":{"line":2,"column":35}},"2":{"start":{"line":4,"column":20},"end":{"line":4,"column":51}},"3":{"start":{"line":5,"column":23},"end":{"line":5,"column":57}},"4":{"start":{"line":9,"column":36},"end":{"line":9,"column":44}},"5":{"start":{"line":11,"column":8},"end":{"line":18,"column":9}},"6":{"start":{"line":12,"column":12},"end":{"line":17,"column":19}},"7":{"start":{"line":20,"column":27},"end":{"line":23,"column":9}},"8":{"start":{"line":25,"column":8},"end":{"line":37,"column":57}},"9":{"start":{"line":27,"column":16},"end":{"line":34,"column":17}},"10":{"start":{"line":28,"column":20},"end":{"line":33,"column":27}},"11":{"start":{"line":35,"column":16},"end":{"line":35,"column":75}},"12":{"start":{"line":37,"column":28},"end":{"line":37,"column":55}},"13":{"start":{"line":41,"column":0},"end":{"line":41,"column":22}}},"fnMap":{"0":{"name":"(anonymous_0)","decl":{"start":{"line":8,"column":4},"end":{"line":8,"column":5}},"loc":{"start":{"line":8,"column":23},"end":{"line":38,"column":5}},"line":8},"1":{"name":"(anonymous_1)","decl":{"start":{"line":26,"column":18},"end":{"line":26,"column":19}},"loc":{"start":{"line":26,"column":27},"end":{"line":36,"column":13}},"line":26},"2":{"name":"(anonymous_2)","decl":{"start":{"line":37,"column":19},"end":{"line":37,"column":20}},"loc":{"start":{"line":37,"column":28},"end":{"line":37,"column":55}},"line":37}},"branchMap":{"0":{"loc":{"start":{"line":11,"column":8},"end":{"line":18,"column":9}},"type":"if","locations":[{"start":{"line":11,"column":8},"end":{"line":18,"column":9}},{"start":{"line":11,"column":8},"end":{"line":18,"column":9}}],"line":11},"1":{"loc":{"start":{"line":11,"column":12},"end":{"line":11,"column":31}},"type":"binary-expr","locations":[{"start":{"line":11,"column":12},"end":{"line":11,"column":18}},{"start":{"line":11,"column":22},"end":{"line":11,"column":31}}],"line":11},"2":{"loc":{"start":{"line":27,"column":16},"end":{"line":34,"column":17}},"type":"if","locations":[{"start":{"line":27,"column":16},"end":{"line":34,"column":17}},{"start":{"line":27,"column":16},"end":{"line":34,"column":17}}],"line":27}},"s":{"0":1,"1":1,"2":1,"3":1,"4":3,"5":3,"6":1,"7":2,"8":2,"9":2,"10":1,"11":1,"12":0,"13":1},"f":{"0":3,"1":2,"2":0},"b":{"0":[1,2],"1":[3,2],"2":[1,1]},"_coverageSchema":"1a1c01bbd47fc00a2c39e90264f33305004495a9","hash":"45d01802bcaf0e66bad3b8bcb8195c22479a1730"}
,"/Users/Easydeco/Desktop/Tatiane/FIAP/APIs_Nodejs/API-nodejs/controller/Products.js": {"path":"/Users/Easydeco/Desktop/Tatiane/FIAP/APIs_Nodejs/API-nodejs/controller/Products.js","statementMap":{"0":{"start":{"line":1,"column":22},"end":{"line":1,"column":50}},"1":{"start":{"line":2,"column":22},"end":{"line":2,"column":41}},"2":{"start":{"line":6,"column":21},"end":{"line":6,"column":31}},"3":{"start":{"line":8,"column":8},"end":{"line":15,"column":57}},"4":{"start":{"line":10,"column":16},"end":{"line":12,"column":17}},"5":{"start":{"line":11,"column":20},"end":{"line":11,"column":73}},"6":{"start":{"line":13,"column":16},"end":{"line":13,"column":41}},"7":{"start":{"line":15,"column":28},"end":{"line":15,"column":55}},"8":{"start":{"line":19,"column":8},"end":{"line":26,"column":57}},"9":{"start":{"line":21,"column":16},"end":{"line":24,"column":19}},"10":{"start":{"line":26,"column":28},"end":{"line":26,"column":55}},"11":{"start":{"line":30,"column":21},"end":{"line":30,"column":31}},"12":{"start":{"line":32,"column":8},"end":{"line":34,"column":57}},"13":{"start":{"line":34,"column":28},"end":{"line":34,"column":55}},"14":{"start":{"line":38,"column":21},"end":{"line":38,"column":31}},"15":{"start":{"line":40,"column":8},"end":{"line":42,"column":57}},"16":{"start":{"line":42,"column":28},"end":{"line":42,"column":55}},"17":{"start":{"line":46,"column":0},"end":{"line":46,"column":26}}},"fnMap":{"0":{"name":"(anonymous_0)","decl":{"start":{"line":5,"column":4},"end":{"line":5,"column":5}},"loc":{"start":{"line":5,"column":19},"end":{"line":16,"column":5}},"line":5},"1":{"name":"(anonymous_1)","decl":{"start":{"line":9,"column":18},"end":{"line":9,"column":19}},"loc":{"start":{"line":9,"column":31},"end":{"line":14,"column":13}},"line":9},"2":{"name":"(anonymous_2)","decl":{"start":{"line":15,"column":19},"end":{"line":15,"column":20}},"loc":{"start":{"line":15,"column":28},"end":{"line":15,"column":55}},"line":15},"3":{"name":"(anonymous_3)","decl":{"start":{"line":18,"column":4},"end":{"line":18,"column":5}},"loc":{"start":{"line":18,"column":22},"end":{"line":27,"column":5}},"line":18},"4":{"name":"(anonymous_4)","decl":{"start":{"line":20,"column":18},"end":{"line":20,"column":19}},"loc":{"start":{"line":20,"column":31},"end":{"line":25,"column":13}},"line":20},"5":{"name":"(anonymous_5)","decl":{"start":{"line":26,"column":19},"end":{"line":26,"column":20}},"loc":{"start":{"line":26,"column":28},"end":{"line":26,"column":55}},"line":26},"6":{"name":"(anonymous_6)","decl":{"start":{"line":29,"column":4},"end":{"line":29,"column":5}},"loc":{"start":{"line":29,"column":22},"end":{"line":35,"column":5}},"line":29},"7":{"name":"(anonymous_7)","decl":{"start":{"line":34,"column":19},"end":{"line":34,"column":20}},"loc":{"start":{"line":34,"column":28},"end":{"line":34,"column":55}},"line":34},"8":{"name":"(anonymous_8)","decl":{"start":{"line":37,"column":4},"end":{"line":37,"column":5}},"loc":{"start":{"line":37,"column":22},"end":{"line":43,"column":5}},"line":37},"9":{"name":"(anonymous_9)","decl":{"start":{"line":42,"column":19},"end":{"line":42,"column":20}},"loc":{"start":{"line":42,"column":28},"end":{"line":42,"column":55}},"line":42}},"branchMap":{"0":{"loc":{"start":{"line":10,"column":16},"end":{"line":12,"column":17}},"type":"if","locations":[{"start":{"line":10,"column":16},"end":{"line":12,"column":17}},{"start":{"line":10,"column":16},"end":{"line":12,"column":17}}],"line":10}},"s":{"0":1,"1":1,"2":0,"3":0,"4":0,"5":0,"6":0,"7":0,"8":0,"9":0,"10":0,"11":0,"12":0,"13":0,"14":0,"15":0,"16":0,"17":1},"f":{"0":0,"1":0,"2":0,"3":0,"4":0,"5":0,"6":0,"7":0,"8":0,"9":0},"b":{"0":[0,0]},"_coverageSchema":"1a1c01bbd47fc00a2c39e90264f33305004495a9","hash":"f01879032a6071ec007aa3d8db201eecd2ced90d"}
,"/Users/Easydeco/Desktop/Tatiane/FIAP/APIs_Nodejs/API-nodejs/controller/Users.js": {"path":"/Users/Easydeco/Desktop/Tatiane/FIAP/APIs_Nodejs/API-nodejs/controller/Users.js","statementMap":{"0":{"start":{"line":1,"column":19},"end":{"line":1,"column":44}},"1":{"start":{"line":2,"column":19},"end":{"line":2,"column":35}},"2":{"start":{"line":4,"column":23},"end":{"line":4,"column":57}},"3":{"start":{"line":8,"column":21},"end":{"line":8,"column":31}},"4":{"start":{"line":10,"column":8},"end":{"line":17,"column":57}},"5":{"start":{"line":12,"column":16},"end":{"line":14,"column":17}},"6":{"start":{"line":13,"column":20},"end":{"line":13,"column":70}},"7":{"start":{"line":15,"column":16},"end":{"line":15,"column":38}},"8":{"start":{"line":17,"column":28},"end":{"line":17,"column":55}},"9":{"start":{"line":21,"column":21},"end":{"line":24,"column":9}},"10":{"start":{"line":25,"column":8},"end":{"line":34,"column":57}},"11":{"start":{"line":27,"column":16},"end":{"line":27,"column":37}},"12":{"start":{"line":29,"column":16},"end":{"line":32,"column":19}},"13":{"start":{"line":34,"column":28},"end":{"line":34,"column":55}},"14":{"start":{"line":38,"column":21},"end":{"line":38,"column":31}},"15":{"start":{"line":40,"column":8},"end":{"line":42,"column":57}},"16":{"start":{"line":42,"column":28},"end":{"line":42,"column":55}},"17":{"start":{"line":46,"column":21},"end":{"line":46,"column":31}},"18":{"start":{"line":48,"column":8},"end":{"line":50,"column":57}},"19":{"start":{"line":50,"column":28},"end":{"line":50,"column":55}},"20":{"start":{"line":54,"column":0},"end":{"line":54,"column":23}}},"fnMap":{"0":{"name":"(anonymous_0)","decl":{"start":{"line":7,"column":4},"end":{"line":7,"column":5}},"loc":{"start":{"line":7,"column":19},"end":{"line":18,"column":5}},"line":7},"1":{"name":"(anonymous_1)","decl":{"start":{"line":11,"column":18},"end":{"line":11,"column":19}},"loc":{"start":{"line":11,"column":28},"end":{"line":16,"column":13}},"line":11},"2":{"name":"(anonymous_2)","decl":{"start":{"line":17,"column":19},"end":{"line":17,"column":20}},"loc":{"start":{"line":17,"column":28},"end":{"line":17,"column":55}},"line":17},"3":{"name":"(anonymous_3)","decl":{"start":{"line":20,"column":4},"end":{"line":20,"column":5}},"loc":{"start":{"line":20,"column":22},"end":{"line":35,"column":5}},"line":20},"4":{"name":"(anonymous_4)","decl":{"start":{"line":26,"column":18},"end":{"line":26,"column":19}},"loc":{"start":{"line":26,"column":28},"end":{"line":33,"column":13}},"line":26},"5":{"name":"(anonymous_5)","decl":{"start":{"line":34,"column":19},"end":{"line":34,"column":20}},"loc":{"start":{"line":34,"column":28},"end":{"line":34,"column":55}},"line":34},"6":{"name":"(anonymous_6)","decl":{"start":{"line":37,"column":4},"end":{"line":37,"column":5}},"loc":{"start":{"line":37,"column":22},"end":{"line":43,"column":5}},"line":37},"7":{"name":"(anonymous_7)","decl":{"start":{"line":42,"column":19},"end":{"line":42,"column":20}},"loc":{"start":{"line":42,"column":28},"end":{"line":42,"column":55}},"line":42},"8":{"name":"(anonymous_8)","decl":{"start":{"line":45,"column":4},"end":{"line":45,"column":5}},"loc":{"start":{"line":45,"column":22},"end":{"line":51,"column":5}},"line":45},"9":{"name":"(anonymous_9)","decl":{"start":{"line":50,"column":19},"end":{"line":50,"column":20}},"loc":{"start":{"line":50,"column":28},"end":{"line":50,"column":55}},"line":50}},"branchMap":{"0":{"loc":{"start":{"line":12,"column":16},"end":{"line":14,"column":17}},"type":"if","locations":[{"start":{"line":12,"column":16},"end":{"line":14,"column":17}},{"start":{"line":12,"column":16},"end":{"line":14,"column":17}}],"line":12}},"s":{"0":1,"1":1,"2":1,"3":0,"4":0,"5":0,"6":0,"7":0,"8":0,"9":0,"10":0,"11":0,"12":0,"13":0,"14":0,"15":0,"16":0,"17":0,"18":0,"19":0,"20":1},"f":{"0":0,"1":0,"2":0,"3":0,"4":0,"5":0,"6":0,"7":0,"8":0,"9":0},"b":{"0":[0,0]},"_coverageSchema":"1a1c01bbd47fc00a2c39e90264f33305004495a9","hash":"00aa3b2e7ec259e0a4a934d6e001a9d62b640bf7"}
,"/Users/Easydeco/Desktop/Tatiane/FIAP/APIs_Nodejs/API-nodejs/middlewares/verifyToken.js": {"path":"/Users/Easydeco/Desktop/Tatiane/FIAP/APIs_Nodejs/API-nodejs/middlewares/verifyToken.js","statementMap":{"0":{"start":{"line":1,"column":12},"end":{"line":1,"column":35}},"1":{"start":{"line":2,"column":19},"end":{"line":2,"column":47}},"2":{"start":{"line":4,"column":20},"end":{"line":22,"column":1}},"3":{"start":{"line":5,"column":18},"end":{"line":5,"column":47}},"4":{"start":{"line":7,"column":4},"end":{"line":12,"column":5}},"5":{"start":{"line":8,"column":8},"end":{"line":11,"column":11}},"6":{"start":{"line":14,"column":4},"end":{"line":21,"column":7}},"7":{"start":{"line":15,"column":8},"end":{"line":17,"column":9}},"8":{"start":{"line":16,"column":12},"end":{"line":16,"column":49}},"9":{"start":{"line":18,"column":8},"end":{"line":18,"column":47}},"10":{"start":{"line":20,"column":8},"end":{"line":20,"column":15}},"11":{"start":{"line":24,"column":0},"end":{"line":24,"column":29}}},"fnMap":{"0":{"name":"(anonymous_0)","decl":{"start":{"line":4,"column":20},"end":{"line":4,"column":21}},"loc":{"start":{"line":4,"column":40},"end":{"line":22,"column":1}},"line":4},"1":{"name":"(anonymous_1)","decl":{"start":{"line":14,"column":30},"end":{"line":14,"column":31}},"loc":{"start":{"line":14,"column":49},"end":{"line":21,"column":5}},"line":14}},"branchMap":{"0":{"loc":{"start":{"line":7,"column":4},"end":{"line":12,"column":5}},"type":"if","locations":[{"start":{"line":7,"column":4},"end":{"line":12,"column":5}},{"start":{"line":7,"column":4},"end":{"line":12,"column":5}}],"line":7},"1":{"loc":{"start":{"line":15,"column":8},"end":{"line":17,"column":9}},"type":"if","locations":[{"start":{"line":15,"column":8},"end":{"line":17,"column":9}},{"start":{"line":15,"column":8},"end":{"line":17,"column":9}}],"line":15}},"s":{"0":2,"1":2,"2":2,"3":1,"4":1,"5":0,"6":1,"7":1,"8":1,"9":0,"10":0,"11":2},"f":{"0":1,"1":1},"b":{"0":[0,1],"1":[1,0]},"_coverageSchema":"1a1c01bbd47fc00a2c39e90264f33305004495a9","hash":"1c4bd91df57d241ee4cc8f11cd1442999cc4b5ff"}
,"/Users/Easydeco/Desktop/Tatiane/FIAP/APIs_Nodejs/API-nodejs/model/BaseModel.js": {"path":"/Users/Easydeco/Desktop/Tatiane/FIAP/APIs_Nodejs/API-nodejs/model/BaseModel.js","statementMap":{"0":{"start":{"line":2,"column":17},"end":{"line":2,"column":36}},"1":{"start":{"line":3,"column":23},"end":{"line":3,"column":52}},"2":{"start":{"line":5,"column":20},"end":{"line":5,"column":58}},"3":{"start":{"line":9,"column":8},"end":{"line":9,"column":42}},"4":{"start":{"line":13,"column":0},"end":{"line":13,"column":27}}},"fnMap":{"0":{"name":"(anonymous_0)","decl":{"start":{"line":8,"column":4},"end":{"line":8,"column":5}},"loc":{"start":{"line":8,"column":18},"end":{"line":10,"column":5}},"line":8}},"branchMap":{},"s":{"0":1,"1":1,"2":1,"3":3,"4":1},"f":{"0":3},"b":{},"_coverageSchema":"1a1c01bbd47fc00a2c39e90264f33305004495a9","hash":"c40fc404bacba4d79b94fd5ae77c9997b8c05709"}
,"/Users/Easydeco/Desktop/Tatiane/FIAP/APIs_Nodejs/API-nodejs/model/Products.js": {"path":"/Users/Easydeco/Desktop/Tatiane/FIAP/APIs_Nodejs/API-nodejs/model/Products.js","statementMap":{"0":{"start":{"line":1,"column":18},"end":{"line":1,"column":40}},"1":{"start":{"line":5,"column":8},"end":{"line":5,"column":16}},"2":{"start":{"line":9,"column":8},"end":{"line":12,"column":19}},"3":{"start":{"line":16,"column":8},"end":{"line":18,"column":26}},"4":{"start":{"line":22,"column":8},"end":{"line":25,"column":29}},"5":{"start":{"line":29,"column":8},"end":{"line":32,"column":22}},"6":{"start":{"line":36,"column":0},"end":{"line":36,"column":26}}},"fnMap":{"0":{"name":"(anonymous_0)","decl":{"start":{"line":4,"column":4},"end":{"line":4,"column":5}},"loc":{"start":{"line":4,"column":18},"end":{"line":6,"column":5}},"line":4},"1":{"name":"(anonymous_1)","decl":{"start":{"line":8,"column":4},"end":{"line":8,"column":5}},"loc":{"start":{"line":8,"column":12},"end":{"line":13,"column":5}},"line":8},"2":{"name":"(anonymous_2)","decl":{"start":{"line":15,"column":4},"end":{"line":15,"column":5}},"loc":{"start":{"line":15,"column":20},"end":{"line":19,"column":5}},"line":15},"3":{"name":"(anonymous_3)","decl":{"start":{"line":21,"column":4},"end":{"line":21,"column":5}},"loc":{"start":{"line":21,"column":24},"end":{"line":26,"column":5}},"line":21},"4":{"name":"(anonymous_4)","decl":{"start":{"line":28,"column":4},"end":{"line":28,"column":5}},"loc":{"start":{"line":28,"column":15},"end":{"line":33,"column":5}},"line":28}},"branchMap":{},"s":{"0":1,"1":1,"2":0,"3":0,"4":0,"5":0,"6":1},"f":{"0":1,"1":0,"2":0,"3":0,"4":0},"b":{},"_coverageSchema":"1a1c01bbd47fc00a2c39e90264f33305004495a9","hash":"b520b7926c4e75016780ac81f21529517223725a"}
,"/Users/Easydeco/Desktop/Tatiane/FIAP/APIs_Nodejs/API-nodejs/model/Users.js": {"path":"/Users/Easydeco/Desktop/Tatiane/FIAP/APIs_Nodejs/API-nodejs/model/Users.js","statementMap":{"0":{"start":{"line":1,"column":18},"end":{"line":1,"column":40}},"1":{"start":{"line":5,"column":8},"end":{"line":5,"column":16}},"2":{"start":{"line":9,"column":8},"end":{"line":12,"column":19}},"3":{"start":{"line":16,"column":17},"end":{"line":16,"column":44}},"4":{"start":{"line":18,"column":8},"end":{"line":20,"column":10}},"5":{"start":{"line":19,"column":12},"end":{"line":19,"column":49}},"6":{"start":{"line":22,"column":8},"end":{"line":22,"column":24}},"7":{"start":{"line":26,"column":8},"end":{"line":26,"column":53}},"8":{"start":{"line":30,"column":8},"end":{"line":33,"column":26}},"9":{"start":{"line":37,"column":8},"end":{"line":40,"column":22}},"10":{"start":{"line":44,"column":0},"end":{"line":44,"column":23}}},"fnMap":{"0":{"name":"(anonymous_0)","decl":{"start":{"line":4,"column":4},"end":{"line":4,"column":5}},"loc":{"start":{"line":4,"column":18},"end":{"line":6,"column":5}},"line":4},"1":{"name":"(anonymous_1)","decl":{"start":{"line":8,"column":4},"end":{"line":8,"column":5}},"loc":{"start":{"line":8,"column":12},"end":{"line":13,"column":5}},"line":8},"2":{"name":"(anonymous_2)","decl":{"start":{"line":15,"column":4},"end":{"line":15,"column":5}},"loc":{"start":{"line":15,"column":22},"end":{"line":23,"column":5}},"line":15},"3":{"name":"(anonymous_3)","decl":{"start":{"line":18,"column":27},"end":{"line":18,"column":28}},"loc":{"start":{"line":19,"column":12},"end":{"line":19,"column":49}},"line":19},"4":{"name":"(anonymous_4)","decl":{"start":{"line":25,"column":4},"end":{"line":25,"column":5}},"loc":{"start":{"line":25,"column":17},"end":{"line":27,"column":5}},"line":25},"5":{"name":"(anonymous_5)","decl":{"start":{"line":29,"column":4},"end":{"line":29,"column":5}},"loc":{"start":{"line":29,"column":21},"end":{"line":34,"column":5}},"line":29},"6":{"name":"(anonymous_6)","decl":{"start":{"line":36,"column":4},"end":{"line":36,"column":5}},"loc":{"start":{"line":36,"column":15},"end":{"line":41,"column":5}},"line":36}},"branchMap":{},"s":{"0":1,"1":2,"2":0,"3":2,"4":2,"5":4,"6":2,"7":0,"8":0,"9":0,"10":1},"f":{"0":2,"1":0,"2":2,"3":4,"4":0,"5":0,"6":0},"b":{},"_coverageSchema":"1a1c01bbd47fc00a2c39e90264f33305004495a9","hash":"9514006fc061d00dfa2788623956d6ac65178b25"}
,"/Users/Easydeco/Desktop/Tatiane/FIAP/APIs_Nodejs/API-nodejs/routes/auth.js": {"path":"/Users/Easydeco/Desktop/Tatiane/FIAP/APIs_Nodejs/API-nodejs/routes/auth.js","statementMap":{"0":{"start":{"line":1,"column":16},"end":{"line":1,"column":34}},"1":{"start":{"line":4,"column":15},"end":{"line":4,"column":31}},"2":{"start":{"line":7,"column":13},"end":{"line":7,"column":42}},"3":{"start":{"line":8,"column":23},"end":{"line":8,"column":33}},"4":{"start":{"line":10,"column":0},"end":{"line":10,"column":42}},"5":{"start":{"line":12,"column":0},"end":{"line":12,"column":24}}},"fnMap":{},"branchMap":{},"s":{"0":1,"1":1,"2":1,"3":1,"4":1,"5":1},"f":{},"b":{},"_coverageSchema":"1a1c01bbd47fc00a2c39e90264f33305004495a9","hash":"52c71f1611b067901727dc229074f2a2409dd04a"}
,"/Users/Easydeco/Desktop/Tatiane/FIAP/APIs_Nodejs/API-nodejs/routes/index.js": {"path":"/Users/Easydeco/Desktop/Tatiane/FIAP/APIs_Nodejs/API-nodejs/routes/index.js","statementMap":{"0":{"start":{"line":1,"column":16},"end":{"line":1,"column":34}},"1":{"start":{"line":4,"column":15},"end":{"line":4,"column":31}},"2":{"start":{"line":7,"column":14},"end":{"line":7,"column":32}},"3":{"start":{"line":8,"column":13},"end":{"line":8,"column":30}},"4":{"start":{"line":9,"column":17},"end":{"line":9,"column":38}},"5":{"start":{"line":12,"column":0},"end":{"line":12,"column":28}},"6":{"start":{"line":13,"column":0},"end":{"line":13,"column":26}},"7":{"start":{"line":14,"column":0},"end":{"line":14,"column":34}},"8":{"start":{"line":16,"column":0},"end":{"line":16,"column":24}}},"fnMap":{},"branchMap":{},"s":{"0":1,"1":1,"2":1,"3":1,"4":1,"5":1,"6":1,"7":1,"8":1},"f":{},"b":{},"_coverageSchema":"1a1c01bbd47fc00a2c39e90264f33305004495a9","hash":"197828fd108eda5cb3c110b06e562f5c900977d0"}
,"/Users/Easydeco/Desktop/Tatiane/FIAP/APIs_Nodejs/API-nodejs/routes/products.js": {"path":"/Users/Easydeco/Desktop/Tatiane/FIAP/APIs_Nodejs/API-nodejs/routes/products.js","statementMap":{"0":{"start":{"line":1,"column":16},"end":{"line":1,"column":34}},"1":{"start":{"line":4,"column":15},"end":{"line":4,"column":31}},"2":{"start":{"line":7,"column":20},"end":{"line":7,"column":57}},"3":{"start":{"line":10,"column":17},"end":{"line":10,"column":50}},"4":{"start":{"line":11,"column":27},"end":{"line":11,"column":41}},"5":{"start":{"line":13,"column":0},"end":{"line":13,"column":58}},"6":{"start":{"line":14,"column":0},"end":{"line":14,"column":59}},"7":{"start":{"line":15,"column":0},"end":{"line":15,"column":61}},"8":{"start":{"line":16,"column":0},"end":{"line":16,"column":64}},"9":{"start":{"line":18,"column":0},"end":{"line":18,"column":24}}},"fnMap":{},"branchMap":{},"s":{"0":1,"1":1,"2":1,"3":1,"4":1,"5":1,"6":1,"7":1,"8":1,"9":1},"f":{},"b":{},"_coverageSchema":"1a1c01bbd47fc00a2c39e90264f33305004495a9","hash":"ba6497d5c5445e6e2c5b27d7ac08b6c66916bdff"}
,"/Users/Easydeco/Desktop/Tatiane/FIAP/APIs_Nodejs/API-nodejs/routes/users.js": {"path":"/Users/Easydeco/Desktop/Tatiane/FIAP/APIs_Nodejs/API-nodejs/routes/users.js","statementMap":{"0":{"start":{"line":1,"column":16},"end":{"line":1,"column":34}},"1":{"start":{"line":4,"column":15},"end":{"line":4,"column":31}},"2":{"start":{"line":7,"column":20},"end":{"line":7,"column":57}},"3":{"start":{"line":10,"column":14},"end":{"line":10,"column":44}},"4":{"start":{"line":11,"column":24},"end":{"line":11,"column":35}},"5":{"start":{"line":13,"column":0},"end":{"line":13,"column":55}},"6":{"start":{"line":14,"column":0},"end":{"line":14,"column":56}},"7":{"start":{"line":15,"column":0},"end":{"line":15,"column":58}},"8":{"start":{"line":16,"column":0},"end":{"line":16,"column":61}},"9":{"start":{"line":18,"column":0},"end":{"line":18,"column":24}}},"fnMap":{},"branchMap":{},"s":{"0":1,"1":1,"2":1,"3":1,"4":1,"5":1,"6":1,"7":1,"8":1,"9":1},"f":{},"b":{},"_coverageSchema":"1a1c01bbd47fc00a2c39e90264f33305004495a9","hash":"fdadf9b254a7e0a1d3fdf56cc1019d5b4df0bd8b"}
,"/Users/Easydeco/Desktop/Tatiane/FIAP/APIs_Nodejs/API-nodejs/utils/createToken.js": {"path":"/Users/Easydeco/Desktop/Tatiane/FIAP/APIs_Nodejs/API-nodejs/utils/createToken.js","statementMap":{"0":{"start":{"line":1,"column":12},"end":{"line":1,"column":35}},"1":{"start":{"line":2,"column":19},"end":{"line":2,"column":47}},"2":{"start":{"line":4,"column":20},"end":{"line":6,"column":1}},"3":{"start":{"line":5,"column":4},"end":{"line":5,"column":50}},"4":{"start":{"line":8,"column":0},"end":{"line":8,"column":29}}},"fnMap":{"0":{"name":"(anonymous_0)","decl":{"start":{"line":4,"column":20},"end":{"line":4,"column":21}},"loc":{"start":{"line":4,"column":49},"end":{"line":6,"column":1}},"line":4}},"branchMap":{"0":{"loc":{"start":{"line":4,"column":27},"end":{"line":4,"column":44}},"type":"default-arg","locations":[{"start":{"line":4,"column":39},"end":{"line":4,"column":44}}],"line":4}},"s":{"0":1,"1":1,"2":1,"3":2,"4":1},"f":{"0":2},"b":{"0":[1]},"_coverageSchema":"1a1c01bbd47fc00a2c39e90264f33305004495a9","hash":"1a743bda84815797ad68194be0b132ca9bf7b673"}
,"/Users/Easydeco/Desktop/Tatiane/FIAP/APIs_Nodejs/API-nodejs/utils/cryptoPassword.js": {"path":"/Users/Easydeco/Desktop/Tatiane/FIAP/APIs_Nodejs/API-nodejs/utils/cryptoPassword.js","statementMap":{"0":{"start":{"line":2,"column":15},"end":{"line":2,"column":32}},"1":{"start":{"line":3,"column":19},"end":{"line":3,"column":47}},"2":{"start":{"line":5,"column":23},"end":{"line":10,"column":1}},"3":{"start":{"line":6,"column":17},"end":{"line":6,"column":52}},"4":{"start":{"line":7,"column":4},"end":{"line":7,"column":26}},"5":{"start":{"line":9,"column":4},"end":{"line":9,"column":30}},"6":{"start":{"line":12,"column":0},"end":{"line":12,"column":32}}},"fnMap":{"0":{"name":"(anonymous_0)","decl":{"start":{"line":5,"column":23},"end":{"line":5,"column":24}},"loc":{"start":{"line":5,"column":37},"end":{"line":10,"column":1}},"line":5}},"branchMap":{},"s":{"0":2,"1":2,"2":2,"3":4,"4":4,"5":4,"6":2},"f":{"0":4},"b":{},"_coverageSchema":"1a1c01bbd47fc00a2c39e90264f33305004495a9","hash":"3c01c037a48f71909063ac44d576144e14ae4b08"}
}
